2026-05-09 11:15:28,723 | INFO    | scheduling.main | ======================================================================
2026-05-09 11:15:28,723 | INFO    | scheduling.main | STAGE 2: SCHEDULE OPTIMIZER
2026-05-09 11:15:28,723 | INFO    | scheduling.main | ======================================================================
2026-05-09 11:15:28,723 | INFO    | scheduling.main | [1/9] Loading data ...
2026-05-09 11:15:28,725 | INFO    | scheduling.data_loader | Loaded reqlabor: 139 rows
2026-05-09 11:15:28,727 | WARNING | scheduling.data_loader | Normalized sched windows: 7 finishtime>23, 76 starttime<7
2026-05-09 11:15:28,727 | WARNING | scheduling.data_loader | Dropped 2 sched rows with window < 3 hours
2026-05-09 11:15:28,727 | INFO    | scheduling.data_loader | Loaded sched: 311 rows after normalization
2026-05-09 11:15:28,728 | INFO    | scheduling.data_loader | Loaded station_priorities: 345 rows
2026-05-09 11:15:28,729 | INFO    | scheduling.data_loader | Loaded shifts: 7 rows | durations=[3, 4, 5, 6, 7, 8, 9]
2026-05-09 11:15:28,730 | INFO    | scheduling.data_loader | Loaded staff_limits: 69 employees
2026-05-09 11:15:28,730 | INFO    | scheduling.data_loader | Loading forecast from /Users/roman/Desktop/Dot_comma/stage_2_scheduling/data/forecast.csv
2026-05-09 11:15:28,734 | INFO    | scheduling.main | Using production forecast from stage_2_scheduling/data/forecast.csv
2026-05-09 11:15:28,734 | INFO    | scheduling.main | [2/9] Building requirements ...
2026-05-09 11:15:28,885 | INFO    | scheduling.requirements_builder | Built requirements: 560 rows | total person-hours required >= 1317
2026-05-09 11:15:28,885 | INFO    | scheduling.main | [3/9] Building candidates ...
2026-05-09 11:15:28,987 | INFO    | scheduling.shift_candidates | Generated 57410 candidates | 69 employees | avg per emp=832.0
2026-05-09 11:15:28,988 | INFO    | scheduling.main | [4/9] Pre-solve diagnostics ...
2026-05-09 11:15:29,189 | INFO    | scheduling.main | [5/9] CP-SAT feasibility-only (все ограничения, без цели минимизации) ...
2026-05-09 11:15:30,028 | INFO    | scheduling.cpsat_solver | CP-SAT feasibility-only | candidates=57410 | all_employees_used=True | max_time=300s | workers=8
2026-05-09 11:15:40,714 | INFO    | scheduling.main | Фаза feasibility | status=INFEASIBLE | shifts=— | 10.65s
2026-05-09 11:15:40,714 | INFO    | scheduling.main | [5a/9] Диагностика батареи feasibility (поэтапное ослабление) и слот-профили …
2026-05-09 11:15:58,561 | INFO    | scheduling.feasibility_diagnostics | Diag max_work_days_le_6 | OPTIMAL | shifts=286 | over_sum=128 | 9.69s
2026-05-09 11:16:14,374 | INFO    | scheduling.feasibility_diagnostics | Diag max_work_days_le_7 | OPTIMAL | shifts=303 | over_sum=138 | 15.16s
2026-05-09 11:16:30,645 | INFO    | scheduling.feasibility_diagnostics | Diag no_max_5_days | OPTIMAL | shifts=303 | over_sum=138 | 15.65s
2026-05-09 11:16:49,731 | INFO    | scheduling.feasibility_diagnostics | Diag no_one_shift_per_day | OPTIMAL | shifts=329 | over_sum=166 | 8.25s
2026-05-09 11:17:25,361 | INFO    | scheduling.main | [5b/9] Диагностика: feasibility без ограничения «все в смене» | max_time=120s
2026-05-09 11:17:26,163 | INFO    | scheduling.cpsat_solver | CP-SAT feasibility-only | candidates=57410 | all_employees_used=False | max_time=120s | workers=8
2026-05-09 11:17:38,960 | INFO    | scheduling.main | Сравнение: relaxed feasibility status=INFEASIBLE (strict был INFEASIBLE)
2026-05-09 11:17:38,961 | WARNING | scheduling.main | [6/9] Optimize пропуск: строгая feasibility недостигнута (status=INFEASIBLE).
2026-05-09 11:17:38,962 | INFO    | scheduling.main | [7/9] Validation (расписание CP-SAT) ...
2026-05-09 11:17:38,962 | INFO    | scheduling.main | Greedy fallback отключён (ALLOW_GREEDY_FALLBACK=False); отладочное расписание не строится.
2026-05-09 11:17:38,963 | INFO    | scheduling.main | [8/9] Export ...
2026-05-09 11:17:39,109 | INFO    | scheduling.exporter | Exported without final schedule.xlsx (invalid CP-SAT) to /Users/roman/Desktop/Dot_comma/stage_2_scheduling/output

======================================================================
 ФИНАЛЬНЫЙ СТАТУС
======================================================================
FINAL VALID SCHEDULE FOUND: NO
Solver mode (CP-SAT path):           none
Validation errors:                  1
Final schedule.xlsx:                не создан (решение CP-SAT невалидно)

Причины невалидности см. validation_report.json
======================================================================

======================================================================
  SCHEDULING PIPELINE — SUMMARY
======================================================================
Forecast source:       stage_2_scheduling/data/forecast.csv
Solver mode:           none

Schedule (CP-SAT selection):
  Total shifts:        0
  Total hours:         0
  Used employees:      0
  Unused employees:    0 []

Coverage:
  Slots (total):       0
  Exact (=required):   0
  Overstaffed (+1..2): 0
  Understaffed:        0
  Too much (>+2):      0
  Max overstaff:       0
  Total overstaff hrs: 0
  Coverage rate slots: 0.00%
  Coverage rate hours: 0.00%

Quality:
  Avg station_priority: None
  Shift durations:      {}

Validation:
  is_valid:                       False
  errors:                         1
  warnings:                       0
  solver_proved_optimal:          False
    - Schedule is empty.

Output directory:                  /Users/roman/Desktop/Dot_comma/stage_2_scheduling/output
======================================================================
